<?xml version="1.0" encoding="UTF-8"?>
<testng-results ignored="0" total="1" passed="1" failed="0" skipped="0">
  <reporter-output>
  </reporter-output>
  <suite started-at="2024-01-18T20:02:28 IST" name="Default suite" finished-at="2024-01-18T20:02:55 IST" duration-ms="26981">
    <groups>
    </groups>
    <test started-at="2024-01-18T20:02:28 IST" name="Default test" finished-at="2024-01-18T20:02:55 IST" duration-ms="26981">
      <class name="TestNG.HandlingAllDropdown">
        <test-method signature="VerifyAlldropdown()[pri:0, instance:TestNG.HandlingAllDropdown@481a996b]" started-at="2024-01-18T20:02:28 IST" name="VerifyAlldropdown" finished-at="2024-01-18T20:02:55 IST" duration-ms="26921" status="PASS">
          <reporter-output>
          </reporter-output>
        </test-method> <!-- VerifyAlldropdown -->
      </class> <!-- TestNG.HandlingAllDropdown -->
    </test> <!-- Default test -->
  </suite> <!-- Default suite -->
</testng-results>
